# JRE version: OpenJDK Runtime Environment Temurin-17.0.12+7 (17.0.12+7) (build 17.0.12+7)
# Java VM: OpenJDK 64-Bit Server VM Temurin-17.0.12+7 (17.0.12+7, mixed mode, tiered, compressed oops, compressed class ptrs, parallel gc, windows-amd64)
GC Precious Log:
 CPUs: 4 total, 4 available
 Memory: 3914M
 Large Page Support: Disabled
 NUMA Support: Disabled
 Compressed Oops: Enabled (32-bit)
 Alignments: Space 512K, Generation 512K, Heap 2M
 Heap Min Capacity: 100M
 Heap Initial Capacity: 100M
 Heap Max Capacity: 1G
 Pre-touch: Disabled
 Parallel Workers: 4
Heap:
 PSYoungGen      total 77824K, used 69587K [0x00000000eab00000, 0x00000000f1b80000, 0x0000000100000000)
  eden space 41472K, 80% used [0x00000000eab00000,0x00000000ecbaf768,0x00000000ed380000)
  from space 36352K, 99% used [0x00000000edb00000,0x00000000efe45818,0x00000000efe80000)
  to   space 29696K, 0% used [0x00000000efe80000,0x00000000efe80000,0x00000000f1b80000)
 ParOldGen       total 318464K, used 301282K [0x00000000c0000000, 0x00000000d3700000, 0x00000000eab00000)
  object space 318464K, 94% used [0x00000000c0000000,0x00000000d2638b88,0x00000000d3700000)
 Metaspace       used 76653K, committed 77952K, reserved 1179648K
  class space    used 8315K, committed 8896K, reserved 1048576K
GC Heap History (20 events):
Event: 54.086 GC heap before
{Heap before GC invocations=99 (full 9):
 PSYoungGen      total 46080K, used 38598K [0x00000000eab00000, 0x00000000eef00000, 0x0000000100000000)
  eden space 25600K, 100% used [0x00000000eab00000,0x00000000ec400000,0x00000000ec400000)
  from space 20480K, 63% used [0x00000000ec400000,0x00000000ed0b1ac0,0x00000000ed800000)
  to   space 20480K, 0% used [0x00000000edb00000,0x00000000edb00000,0x00000000eef00000)
 ParOldGen       total 318464K, used 243995K [0x00000000c0000000, 0x00000000d3700000, 0x00000000eab00000)
  object space 318464K, 76% used [0x00000000c0000000,0x00000000cee46e70,0x00000000d3700000)
 Metaspace       used 71016K, committed 72320K, reserved 1114112K
  class space    used 7572K, committed 8192K, reserved 1048576K
}
Event: 54.130 GC heap after
{Heap after GC invocations=99 (full 9):
 PSYoungGen      total 44544K, used 15907K [0x00000000eab00000, 0x00000000eeb00000, 0x0000000100000000)
  eden space 28160K, 0% used [0x00000000eab00000,0x00000000eab00000,0x00000000ec680000)
  from space 16384K, 97% used [0x00000000edb00000,0x00000000eea88e50,0x00000000eeb00000)
  to   space 17920K, 0% used [0x00000000ec800000,0x00000000ec800000,0x00000000ed980000)
 ParOldGen       total 318464K, used 247457K [0x00000000c0000000, 0x00000000d3700000, 0x00000000eab00000)
  object space 318464K, 77% used [0x00000000c0000000,0x00000000cf1a8748,0x00000000d3700000)
 Metaspace       used 71016K, committed 72320K, reserved 1114112K
  class space    used 7572K, committed 8192K, reserved 1048576K
}
Event: 54.252 GC heap before
{Heap before GC invocations=100 (full 9):
 PSYoungGen      total 44544K, used 44067K [0x00000000eab00000, 0x00000000eeb00000, 0x0000000100000000)
  eden space 28160K, 100% used [0x00000000eab00000,0x00000000ec680000,0x00000000ec680000)
  from space 16384K, 97% used [0x00000000edb00000,0x00000000eea88e50,0x00000000eeb00000)
  to   space 17920K, 0% used [0x00000000ec800000,0x00000000ec800000,0x00000000ed980000)
 ParOldGen       total 318464K, used 247457K [0x00000000c0000000, 0x00000000d3700000, 0x00000000eab00000)
  object space 318464K, 77% used [0x00000000c0000000,0x00000000cf1a8748,0x00000000d3700000)
 Metaspace       used 71016K, committed 72320K, reserved 1114112K
  class space    used 7572K, committed 8192K, reserved 1048576K
}
Event: 54.267 GC heap after
{Heap after GC invocations=100 (full 9):
 PSYoungGen      total 47616K, used 17917K [0x00000000eab00000, 0x00000000ef680000, 0x0000000100000000)
  eden space 29696K, 0% used [0x00000000eab00000,0x00000000eab00000,0x00000000ec800000)
  from space 17920K, 99% used [0x00000000ec800000,0x00000000ed97f4e0,0x00000000ed980000)
  to   space 23040K, 0% used [0x00000000ee000000,0x00000000ee000000,0x00000000ef680000)
 ParOldGen       total 318464K, used 251406K [0x00000000c0000000, 0x00000000d3700000, 0x00000000eab00000)
  object space 318464K, 78% used [0x00000000c0000000,0x00000000cf583ae8,0x00000000d3700000)
 Metaspace       used 71016K, committed 72320K, reserved 1114112K
  class space    used 7572K, committed 8192K, reserved 1048576K
}
Event: 54.372 GC heap before
{Heap before GC invocations=101 (full 9):
 PSYoungGen      total 47616K, used 47613K [0x00000000eab00000, 0x00000000ef680000, 0x0000000100000000)
  eden space 29696K, 100% used [0x00000000eab00000,0x00000000ec800000,0x00000000ec800000)
  from space 17920K, 99% used [0x00000000ec800000,0x00000000ed97f4e0,0x00000000ed980000)
  to   space 23040K, 0% used [0x00000000ee000000,0x00000000ee000000,0x00000000ef680000)
 ParOldGen       total 318464K, used 251406K [0x00000000c0000000, 0x00000000d3700000, 0x00000000eab00000)
  object space 318464K, 78% used [0x00000000c0000000,0x00000000cf583ae8,0x00000000d3700000)
 Metaspace       used 71016K, committed 72320K, reserved 1114112K
  class space    used 7572K, committed 8192K, reserved 1048576K
}
Event: 54.388 GC heap after
{Heap after GC invocations=101 (full 9):
 PSYoungGen      total 52224K, used 19103K [0x00000000eab00000, 0x00000000ef300000, 0x0000000100000000)
  eden space 32768K, 0% used [0x00000000eab00000,0x00000000eab00000,0x00000000ecb00000)
  from space 19456K, 98% used [0x00000000ee000000,0x00000000ef2a7c90,0x00000000ef300000)
  to   space 20480K, 0% used [0x00000000ecb00000,0x00000000ecb00000,0x00000000edf00000)
 ParOldGen       total 318464K, used 256339K [0x00000000c0000000, 0x00000000d3700000, 0x00000000eab00000)
  object space 318464K, 80% used [0x00000000c0000000,0x00000000cfa54d48,0x00000000d3700000)
 Metaspace       used 71016K, committed 72320K, reserved 1114112K
  class space    used 7572K, committed 8192K, reserved 1048576K
}
Event: 54.520 GC heap before
{Heap before GC invocations=102 (full 9):
 PSYoungGen      total 52224K, used 51871K [0x00000000eab00000, 0x00000000ef300000, 0x0000000100000000)
  eden space 32768K, 100% used [0x00000000eab00000,0x00000000ecb00000,0x00000000ecb00000)
  from space 19456K, 98% used [0x00000000ee000000,0x00000000ef2a7c90,0x00000000ef300000)
  to   space 20480K, 0% used [0x00000000ecb00000,0x00000000ecb00000,0x00000000edf00000)
 ParOldGen       total 318464K, used 256339K [0x00000000c0000000, 0x00000000d3700000, 0x00000000eab00000)
  object space 318464K, 80% used [0x00000000c0000000,0x00000000cfa54d48,0x00000000d3700000)
 Metaspace       used 71016K, committed 72320K, reserved 1114112K
  class space    used 7572K, committed 8192K, reserved 1048576K
}
Event: 54.535 GC heap after
{Heap after GC invocations=102 (full 9):
 PSYoungGen      total 53248K, used 20449K [0x00000000eab00000, 0x00000000f0300000, 0x0000000100000000)
  eden space 32768K, 0% used [0x00000000eab00000,0x00000000eab00000,0x00000000ecb00000)
  from space 20480K, 99% used [0x00000000ecb00000,0x00000000edef8568,0x00000000edf00000)
  to   space 27136K, 0% used [0x00000000ee880000,0x00000000ee880000,0x00000000f0300000)
 ParOldGen       total 318464K, used 261670K [0x00000000c0000000, 0x00000000d3700000, 0x00000000eab00000)
  object space 318464K, 82% used [0x00000000c0000000,0x00000000cff89b38,0x00000000d3700000)
 Metaspace       used 71016K, committed 72320K, reserved 1114112K
  class space    used 7572K, committed 8192K, reserved 1048576K
}
Event: 54.695 GC heap before
{Heap before GC invocations=103 (full 9):
 PSYoungGen      total 53248K, used 53217K [0x00000000eab00000, 0x00000000f0300000, 0x0000000100000000)
  eden space 32768K, 100% used [0x00000000eab00000,0x00000000ecb00000,0x00000000ecb00000)
  from space 20480K, 99% used [0x00000000ecb00000,0x00000000edef8568,0x00000000edf00000)
  to   space 27136K, 0% used [0x00000000ee880000,0x00000000ee880000,0x00000000f0300000)
 ParOldGen       total 318464K, used 261670K [0x00000000c0000000, 0x00000000d3700000, 0x00000000eab00000)
  object space 318464K, 82% used [0x00000000c0000000,0x00000000cff89b38,0x00000000d3700000)
 Metaspace       used 71016K, committed 72320K, reserved 1114112K
  class space    used 7572K, committed 8192K, reserved 1048576K
}
Event: 54.716 GC heap after
{Heap after GC invocations=103 (full 9):
 PSYoungGen      total 57856K, used 21777K [0x00000000eab00000, 0x00000000efe00000, 0x0000000100000000)
  eden space 35840K, 0% used [0x00000000eab00000,0x00000000eab00000,0x00000000ece00000)
  from space 22016K, 98% used [0x00000000ee880000,0x00000000efdc46f8,0x00000000efe00000)
  to   space 23552K, 0% used [0x00000000ed000000,0x00000000ed000000,0x00000000ee700000)
 ParOldGen       total 318464K, used 267423K [0x00000000c0000000, 0x00000000d3700000, 0x00000000eab00000)
  object space 318464K, 83% used [0x00000000c0000000,0x00000000d0527c58,0x00000000d3700000)
 Metaspace       used 71016K, committed 72320K, reserved 1114112K
  class space    used 7572K, committed 8192K, reserved 1048576K
}
Event: 54.896 GC heap before
{Heap before GC invocations=104 (full 9):
 PSYoungGen      total 57856K, used 57617K [0x00000000eab00000, 0x00000000efe00000, 0x0000000100000000)
  eden space 35840K, 100% used [0x00000000eab00000,0x00000000ece00000,0x00000000ece00000)
  from space 22016K, 98% used [0x00000000ee880000,0x00000000efdc46f8,0x00000000efe00000)
  to   space 23552K, 0% used [0x00000000ed000000,0x00000000ed000000,0x00000000ee700000)
 ParOldGen       total 318464K, used 267423K [0x00000000c0000000, 0x00000000d3700000, 0x00000000eab00000)
  object space 318464K, 83% used [0x00000000c0000000,0x00000000d0527c58,0x00000000d3700000)
 Metaspace       used 71016K, committed 72320K, reserved 1114112K
  class space    used 7572K, committed 8192K, reserved 1048576K
}
Event: 54.915 GC heap after
{Heap after GC invocations=104 (full 9):
 PSYoungGen      total 61440K, used 23539K [0x00000000eab00000, 0x00000000f0e80000, 0x0000000100000000)
  eden space 37888K, 0% used [0x00000000eab00000,0x00000000eab00000,0x00000000ed000000)
  from space 23552K, 99% used [0x00000000ed000000,0x00000000ee6fce38,0x00000000ee700000)
  to   space 31232K, 0% used [0x00000000ef000000,0x00000000ef000000,0x00000000f0e80000)
 ParOldGen       total 318464K, used 273675K [0x00000000c0000000, 0x00000000d3700000, 0x00000000eab00000)
  object space 318464K, 85% used [0x00000000c0000000,0x00000000d0b42fa8,0x00000000d3700000)
 Metaspace       used 71016K, committed 72320K, reserved 1114112K
  class space    used 7572K, committed 8192K, reserved 1048576K
}
Event: 55.130 GC heap before
{Heap before GC invocations=105 (full 9):
 PSYoungGen      total 61440K, used 61427K [0x00000000eab00000, 0x00000000f0e80000, 0x0000000100000000)
  eden space 37888K, 100% used [0x00000000eab00000,0x00000000ed000000,0x00000000ed000000)
  from space 23552K, 99% used [0x00000000ed000000,0x00000000ee6fce38,0x00000000ee700000)
  to   space 31232K, 0% used [0x00000000ef000000,0x00000000ef000000,0x00000000f0e80000)
 ParOldGen       total 318464K, used 273675K [0x00000000c0000000, 0x00000000d3700000, 0x00000000eab00000)
  object space 318464K, 85% used [0x00000000c0000000,0x00000000d0b42fa8,0x00000000d3700000)
 Metaspace       used 71016K, committed 72320K, reserved 1114112K
  class space    used 7572K, committed 8192K, reserved 1048576K
}
Event: 55.159 GC heap after
{Heap after GC invocations=105 (full 9):
 PSYoungGen      total 67584K, used 25615K [0x00000000eab00000, 0x00000000f0980000, 0x0000000100000000)
  eden space 41472K, 0% used [0x00000000eab00000,0x00000000eab00000,0x00000000ed380000)
  from space 26112K, 98% used [0x00000000ef000000,0x00000000f0903ea0,0x00000000f0980000)
  to   space 27136K, 0% used [0x00000000ed480000,0x00000000ed480000,0x00000000eef00000)
 ParOldGen       total 318464K, used 281052K [0x00000000c0000000, 0x00000000d3700000, 0x00000000eab00000)
  object space 318464K, 88% used [0x00000000c0000000,0x00000000d1277168,0x00000000d3700000)
 Metaspace       used 71016K, committed 72320K, reserved 1114112K
  class space    used 7572K, committed 8192K, reserved 1048576K
}
Event: 55.360 GC heap before
{Heap before GC invocations=106 (full 9):
 PSYoungGen      total 67584K, used 67087K [0x00000000eab00000, 0x00000000f0980000, 0x0000000100000000)
  eden space 41472K, 100% used [0x00000000eab00000,0x00000000ed380000,0x00000000ed380000)
  from space 26112K, 98% used [0x00000000ef000000,0x00000000f0903ea0,0x00000000f0980000)
  to   space 27136K, 0% used [0x00000000ed480000,0x00000000ed480000,0x00000000eef00000)
 ParOldGen       total 318464K, used 281052K [0x00000000c0000000, 0x00000000d3700000, 0x00000000eab00000)
  object space 318464K, 88% used [0x00000000c0000000,0x00000000d1277168,0x00000000d3700000)
 Metaspace       used 71016K, committed 72320K, reserved 1114112K
  class space    used 7572K, committed 8192K, reserved 1048576K
}
Event: 55.383 GC heap after
{Heap after GC invocations=106 (full 9):
 PSYoungGen      total 69632K, used 27123K [0x00000000eab00000, 0x00000000f2980000, 0x0000000100000000)
  eden space 42496K, 0% used [0x00000000eab00000,0x00000000eab00000,0x00000000ed480000)
  from space 27136K, 99% used [0x00000000ed480000,0x00000000eeefcf28,0x00000000eef00000)
  to   space 41984K, 0% used [0x00000000f0080000,0x00000000f0080000,0x00000000f2980000)
 ParOldGen       total 318464K, used 293471K [0x00000000c0000000, 0x00000000d3700000, 0x00000000eab00000)
  object space 318464K, 92% used [0x00000000c0000000,0x00000000d1e97db8,0x00000000d3700000)
 Metaspace       used 71016K, committed 72320K, reserved 1114112K
  class space    used 7572K, committed 8192K, reserved 1048576K
}
Event: 81.351 GC heap before
{Heap before GC invocations=107 (full 9):
 PSYoungGen      total 69632K, used 69619K [0x00000000eab00000, 0x00000000f2980000, 0x0000000100000000)
  eden space 42496K, 100% used [0x00000000eab00000,0x00000000ed480000,0x00000000ed480000)
  from space 27136K, 99% used [0x00000000ed480000,0x00000000eeefcf28,0x00000000eef00000)
  to   space 41984K, 0% used [0x00000000f0080000,0x00000000f0080000,0x00000000f2980000)
 ParOldGen       total 318464K, used 293471K [0x00000000c0000000, 0x00000000d3700000, 0x00000000eab00000)
  object space 318464K, 92% used [0x00000000c0000000,0x00000000d1e97db8,0x00000000d3700000)
 Metaspace       used 71180K, committed 72448K, reserved 1114112K
  class space    used 7596K, committed 8192K, reserved 1048576K
}
Event: 81.380 GC heap after
{Heap after GC invocations=107 (full 9):
 PSYoungGen      total 77312K, used 34840K [0x00000000eab00000, 0x00000000f2300000, 0x0000000100000000)
  eden space 41984K, 0% used [0x00000000eab00000,0x00000000eab00000,0x00000000ed400000)
  from space 35328K, 98% used [0x00000000f0080000,0x00000000f22860d8,0x00000000f2300000)
  to   space 36864K, 0% used [0x00000000edb00000,0x00000000edb00000,0x00000000eff00000)
 ParOldGen       total 318464K, used 301274K [0x00000000c0000000, 0x00000000d3700000, 0x00000000eab00000)
  object space 318464K, 94% used [0x00000000c0000000,0x00000000d2636b88,0x00000000d3700000)
 Metaspace       used 71180K, committed 72448K, reserved 1114112K
  class space    used 7596K, committed 8192K, reserved 1048576K
}
Event: 91.982 GC heap before
{Heap before GC invocations=108 (full 9):
 PSYoungGen      total 77312K, used 76824K [0x00000000eab00000, 0x00000000f2300000, 0x0000000100000000)
  eden space 41984K, 100% used [0x00000000eab00000,0x00000000ed400000,0x00000000ed400000)
  from space 35328K, 98% used [0x00000000f0080000,0x00000000f22860d8,0x00000000f2300000)
  to   space 36864K, 0% used [0x00000000edb00000,0x00000000edb00000,0x00000000eff00000)
 ParOldGen       total 318464K, used 301274K [0x00000000c0000000, 0x00000000d3700000, 0x00000000eab00000)
  object space 318464K, 94% used [0x00000000c0000000,0x00000000d2636b88,0x00000000d3700000)
 Metaspace       used 74845K, committed 76160K, reserved 1179648K
  class space    used 8035K, committed 8640K, reserved 1048576K
}
Event: 92.004 GC heap after
{Heap after GC invocations=108 (full 9):
 PSYoungGen      total 77824K, used 36118K [0x00000000eab00000, 0x00000000f1b80000, 0x0000000100000000)
  eden space 41472K, 0% used [0x00000000eab00000,0x00000000eab00000,0x00000000ed380000)
  from space 36352K, 99% used [0x00000000edb00000,0x00000000efe45818,0x00000000efe80000)
  to   space 29696K, 0% used [0x00000000efe80000,0x00000000efe80000,0x00000000f1b80000)
 ParOldGen       total 318464K, used 301282K [0x00000000c0000000, 0x00000000d3700000, 0x00000000eab00000)
  object space 318464K, 94% used [0x00000000c0000000,0x00000000d2638b88,0x00000000d3700000)
 Metaspace       used 74845K, committed 76160K, reserved 1179648K
  class space    used 8035K, committed 8640K, reserved 1048576K
}

